Start Time: Fri Aug 28 16:38:26 EDT 2020
-----------------------------------------------------------------------------------------------------------------
                              Connected to database and query execution started                                  
-----------------------------------------------------------------------------------------------------------------

Time taken GetConnection = 291 ms.
Query Executed : SELECT 1
Time taken ExecuteQuery = 58 ms.
Time taken QueryWithResultset = 62 ms.
Query Executed : SELECT 1
Time taken ExecuteQuery = 6 ms.
Time taken QueryWithResultset = 6 ms.
Query Executed : SELECT 1
Time taken ExecuteQuery = 6 ms.
Time taken QueryWithResultset = 6 ms.
Query Executed : SELECT 1
Time taken ExecuteQuery = 4 ms.
Time taken QueryWithResultset = 4 ms.
Query Executed : SELECT 1
Time taken ExecuteQuery = 4 ms.
Time taken QueryWithResultset = 4 ms.
Query Executed : SELECT 1
Time taken ExecuteQuery = 4 ms.
Time taken QueryWithResultset = 4 ms.
Query Executed : SELECT 1
Time taken ExecuteQuery = 4 ms.
Time taken QueryWithResultset = 4 ms.
Query Executed : SELECT 1
Time taken ExecuteQuery = 4 ms.
Time taken QueryWithResultset = 4 ms.
Query Executed : SELECT 1
Time taken ExecuteQuery = 4 ms.
Time taken QueryWithResultset = 4 ms.
Query Executed : SELECT 1
Time taken ExecuteQuery = 4 ms.
Time taken QueryWithResultset = 4 ms.
Time taken CloseConnection = 1 ms.

Time taken GetConnection = 67 ms.
Query Executed : SELECT 1
Time taken ExecuteQuery = 8 ms.
Time taken QueryWithResultset = 8 ms.
Query Executed : SELECT 1
Time taken ExecuteQuery = 5 ms.
Time taken QueryWithResultset = 5 ms.
Query Executed : SELECT 1
Time taken ExecuteQuery = 4 ms.
Time taken QueryWithResultset = 4 ms.
Query Executed : SELECT 1
Time taken ExecuteQuery = 5 ms.
Time taken QueryWithResultset = 5 ms.
Query Executed : SELECT 1
Time taken ExecuteQuery = 8 ms.
Time taken QueryWithResultset = 8 ms.
Query Executed : SELECT 1
Time taken ExecuteQuery = 5 ms.
Time taken QueryWithResultset = 5 ms.
Query Executed : SELECT 1
Time taken ExecuteQuery = 12 ms.
Time taken QueryWithResultset = 12 ms.
Query Executed : SELECT 1
Time taken ExecuteQuery = 6 ms.
Time taken QueryWithResultset = 6 ms.
Query Executed : SELECT 1
Time taken ExecuteQuery = 6 ms.
Time taken QueryWithResultset = 6 ms.
Query Executed : SELECT 1
Time taken ExecuteQuery = 4 ms.
Time taken QueryWithResultset = 5 ms.
Time taken CloseConnection = 0 ms.

Time taken GetConnection = 82 ms.
Query Executed : SELECT 1
Time taken ExecuteQuery = 3 ms.
Time taken QueryWithResultset = 4 ms.
Query Executed : SELECT 1
Time taken ExecuteQuery = 5 ms.
Time taken QueryWithResultset = 5 ms.
Query Executed : SELECT 1
Time taken ExecuteQuery = 5 ms.
Time taken QueryWithResultset = 5 ms.
Query Executed : SELECT 1
Time taken ExecuteQuery = 5 ms.
Time taken QueryWithResultset = 5 ms.
Query Executed : SELECT 1
Time taken ExecuteQuery = 5 ms.
Time taken QueryWithResultset = 5 ms.
Query Executed : SELECT 1
Time taken ExecuteQuery = 5 ms.
Time taken QueryWithResultset = 5 ms.
Query Executed : SELECT 1
Time taken ExecuteQuery = 5 ms.
Time taken QueryWithResultset = 6 ms.
Query Executed : SELECT 1
Time taken ExecuteQuery = 4 ms.
Time taken QueryWithResultset = 5 ms.
Query Executed : SELECT 1
Time taken ExecuteQuery = 4 ms.
Time taken QueryWithResultset = 4 ms.
Query Executed : SELECT 1
Time taken ExecuteQuery = 7 ms.
Time taken QueryWithResultset = 7 ms.
Time taken CloseConnection = 1 ms.

Time taken GetConnection = 77 ms.
Query Executed : SELECT 1
Time taken ExecuteQuery = 5 ms.
Time taken QueryWithResultset = 5 ms.
Query Executed : SELECT 1
Time taken ExecuteQuery = 4 ms.
Time taken QueryWithResultset = 5 ms.
Query Executed : SELECT 1
Time taken ExecuteQuery = 7 ms.
Time taken QueryWithResultset = 7 ms.
Query Executed : SELECT 1
Time taken ExecuteQuery = 5 ms.
Time taken QueryWithResultset = 5 ms.
Query Executed : SELECT 1
Time taken ExecuteQuery = 7 ms.
Time taken QueryWithResultset = 8 ms.
Query Executed : SELECT 1
Time taken ExecuteQuery = 3 ms.
Time taken QueryWithResultset = 3 ms.
Query Executed : SELECT 1
Time taken ExecuteQuery = 8 ms.
Time taken QueryWithResultset = 8 ms.
Query Executed : SELECT 1
Time taken ExecuteQuery = 7 ms.
Time taken QueryWithResultset = 7 ms.
Query Executed : SELECT 1
Time taken ExecuteQuery = 5 ms.
Time taken QueryWithResultset = 5 ms.
Query Executed : SELECT 1
Time taken ExecuteQuery = 7 ms.
Time taken QueryWithResultset = 7 ms.
Time taken CloseConnection = 1 ms.

Time taken GetConnection = 86 ms.
Query Executed : SELECT 1
Time taken ExecuteQuery = 3 ms.
Time taken QueryWithResultset = 3 ms.
Query Executed : SELECT 1
Time taken ExecuteQuery = 5 ms.
Time taken QueryWithResultset = 5 ms.
Query Executed : SELECT 1
Time taken ExecuteQuery = 5 ms.
Time taken QueryWithResultset = 5 ms.
Query Executed : SELECT 1
Time taken ExecuteQuery = 6 ms.
Time taken QueryWithResultset = 6 ms.
Query Executed : SELECT 1
Time taken ExecuteQuery = 5 ms.
Time taken QueryWithResultset = 5 ms.
Query Executed : SELECT 1
Time taken ExecuteQuery = 4 ms.
Time taken QueryWithResultset = 4 ms.
Query Executed : SELECT 1
Time taken ExecuteQuery = 4 ms.
Time taken QueryWithResultset = 4 ms.
Query Executed : SELECT 1
Time taken ExecuteQuery = 5 ms.
Time taken QueryWithResultset = 5 ms.
Query Executed : SELECT 1
Time taken ExecuteQuery = 4 ms.
Time taken QueryWithResultset = 4 ms.
Query Executed : SELECT 1
Time taken ExecuteQuery = 5 ms.
Time taken QueryWithResultset = 5 ms.
Time taken CloseConnection = 1 ms.

Time taken GetConnection = 69 ms.
Query Executed : SELECT 1
Time taken ExecuteQuery = 4 ms.
Time taken QueryWithResultset = 4 ms.
Query Executed : SELECT 1
Time taken ExecuteQuery = 13 ms.
Time taken QueryWithResultset = 13 ms.
Query Executed : SELECT 1
Time taken ExecuteQuery = 6 ms.
Time taken QueryWithResultset = 6 ms.
Query Executed : SELECT 1
Time taken ExecuteQuery = 8 ms.
Time taken QueryWithResultset = 8 ms.
Query Executed : SELECT 1
Time taken ExecuteQuery = 5 ms.
Time taken QueryWithResultset = 5 ms.
Query Executed : SELECT 1
Time taken ExecuteQuery = 6 ms.
Time taken QueryWithResultset = 6 ms.
Query Executed : SELECT 1
Time taken ExecuteQuery = 5 ms.
Time taken QueryWithResultset = 5 ms.
Query Executed : SELECT 1
Time taken ExecuteQuery = 5 ms.
Time taken QueryWithResultset = 5 ms.
Query Executed : SELECT 1
Time taken ExecuteQuery = 9 ms.
Time taken QueryWithResultset = 9 ms.
Query Executed : SELECT 1
Time taken ExecuteQuery = 5 ms.
Time taken QueryWithResultset = 5 ms.
Time taken CloseConnection = 0 ms.

Time taken GetConnection = 61 ms.
Query Executed : SELECT 1
Time taken ExecuteQuery = 5 ms.
Time taken QueryWithResultset = 5 ms.
Query Executed : SELECT 1
Time taken ExecuteQuery = 5 ms.
Time taken QueryWithResultset = 5 ms.
Query Executed : SELECT 1
Time taken ExecuteQuery = 6 ms.
Time taken QueryWithResultset = 6 ms.
Query Executed : SELECT 1
Time taken ExecuteQuery = 4 ms.
Time taken QueryWithResultset = 5 ms.
Query Executed : SELECT 1
Time taken ExecuteQuery = 7 ms.
Time taken QueryWithResultset = 8 ms.
Query Executed : SELECT 1
Time taken ExecuteQuery = 4 ms.
Time taken QueryWithResultset = 4 ms.
Query Executed : SELECT 1
Time taken ExecuteQuery = 5 ms.
Time taken QueryWithResultset = 5 ms.
Query Executed : SELECT 1
Time taken ExecuteQuery = 6 ms.
Time taken QueryWithResultset = 6 ms.
Query Executed : SELECT 1
Time taken ExecuteQuery = 8 ms.
Time taken QueryWithResultset = 8 ms.
Query Executed : SELECT 1
Time taken ExecuteQuery = 10 ms.
Time taken QueryWithResultset = 11 ms.
Time taken CloseConnection = 0 ms.

Time taken GetConnection = 88 ms.
Query Executed : SELECT 1
Time taken ExecuteQuery = 13 ms.
Time taken QueryWithResultset = 13 ms.
Query Executed : SELECT 1
Time taken ExecuteQuery = 5 ms.
Time taken QueryWithResultset = 5 ms.
Query Executed : SELECT 1
Time taken ExecuteQuery = 6 ms.
Time taken QueryWithResultset = 6 ms.
Query Executed : SELECT 1
Time taken ExecuteQuery = 6 ms.
Time taken QueryWithResultset = 7 ms.
Query Executed : SELECT 1
Time taken ExecuteQuery = 5 ms.
Time taken QueryWithResultset = 5 ms.
Query Executed : SELECT 1
Time taken ExecuteQuery = 4 ms.
Time taken QueryWithResultset = 4 ms.
Query Executed : SELECT 1
Time taken ExecuteQuery = 5 ms.
Time taken QueryWithResultset = 5 ms.
Query Executed : SELECT 1
Time taken ExecuteQuery = 9 ms.
Time taken QueryWithResultset = 9 ms.
Query Executed : SELECT 1
Time taken ExecuteQuery = 6 ms.
Time taken QueryWithResultset = 6 ms.
Query Executed : SELECT 1
Time taken ExecuteQuery = 17 ms.
Time taken QueryWithResultset = 17 ms.
Time taken CloseConnection = 0 ms.

Time taken GetConnection = 59 ms.
Query Executed : SELECT 1
Time taken ExecuteQuery = 5 ms.
Time taken QueryWithResultset = 5 ms.
Query Executed : SELECT 1
Time taken ExecuteQuery = 6 ms.
Time taken QueryWithResultset = 6 ms.
Query Executed : SELECT 1
Time taken ExecuteQuery = 7 ms.
Time taken QueryWithResultset = 7 ms.
Query Executed : SELECT 1
Time taken ExecuteQuery = 5 ms.
Time taken QueryWithResultset = 5 ms.
Query Executed : SELECT 1
Time taken ExecuteQuery = 4 ms.
Time taken QueryWithResultset = 5 ms.
Query Executed : SELECT 1
Time taken ExecuteQuery = 5 ms.
Time taken QueryWithResultset = 5 ms.
Query Executed : SELECT 1
Time taken ExecuteQuery = 5 ms.
Time taken QueryWithResultset = 5 ms.
Query Executed : SELECT 1
Time taken ExecuteQuery = 6 ms.
Time taken QueryWithResultset = 6 ms.
Query Executed : SELECT 1
Time taken ExecuteQuery = 6 ms.
Time taken QueryWithResultset = 6 ms.
Query Executed : SELECT 1
Time taken ExecuteQuery = 8 ms.
Time taken QueryWithResultset = 9 ms.
Time taken CloseConnection = 0 ms.

Time taken GetConnection = 67 ms.
Query Executed : SELECT 1
Time taken ExecuteQuery = 4 ms.
Time taken QueryWithResultset = 4 ms.
Query Executed : SELECT 1
Time taken ExecuteQuery = 5 ms.
Time taken QueryWithResultset = 5 ms.
Query Executed : SELECT 1
Time taken ExecuteQuery = 5 ms.
Time taken QueryWithResultset = 5 ms.
Query Executed : SELECT 1
Time taken ExecuteQuery = 4 ms.
Time taken QueryWithResultset = 4 ms.
Query Executed : SELECT 1
Time taken ExecuteQuery = 4 ms.
Time taken QueryWithResultset = 4 ms.
Query Executed : SELECT 1
Time taken ExecuteQuery = 5 ms.
Time taken QueryWithResultset = 5 ms.
Query Executed : SELECT 1
Time taken ExecuteQuery = 5 ms.
Time taken QueryWithResultset = 5 ms.
Query Executed : SELECT 1
Time taken ExecuteQuery = 4 ms.
Time taken QueryWithResultset = 4 ms.
Query Executed : SELECT 1
Time taken ExecuteQuery = 7 ms.
Time taken QueryWithResultset = 7 ms.
Query Executed : SELECT 1
Time taken ExecuteQuery = 5 ms.
Time taken QueryWithResultset = 5 ms.
Time taken CloseConnection = 1 ms.

Time taken GetConnection = 70 ms.
Query Executed : SELECT 1
Time taken ExecuteQuery = 4 ms.
Time taken QueryWithResultset = 4 ms.
Query Executed : SELECT 1
Time taken ExecuteQuery = 4 ms.
Time taken QueryWithResultset = 4 ms.
Query Executed : SELECT 1
Time taken ExecuteQuery = 5 ms.
Time taken QueryWithResultset = 5 ms.
Query Executed : SELECT 1
Time taken ExecuteQuery = 5 ms.
Time taken QueryWithResultset = 5 ms.
Query Executed : SELECT 1
Time taken ExecuteQuery = 4 ms.
Time taken QueryWithResultset = 4 ms.
Query Executed : SELECT 1
Time taken ExecuteQuery = 6 ms.
Time taken QueryWithResultset = 6 ms.
Query Executed : SELECT 1
Time taken ExecuteQuery = 6 ms.
Time taken QueryWithResultset = 6 ms.
Query Executed : SELECT 1
Time taken ExecuteQuery = 6 ms.
Time taken QueryWithResultset = 7 ms.
Query Executed : SELECT 1
Time taken ExecuteQuery = 4 ms.
Time taken QueryWithResultset = 4 ms.
Query Executed : SELECT 1
Time taken ExecuteQuery = 17 ms.
Time taken QueryWithResultset = 17 ms.
Time taken CloseConnection = 0 ms.

Time taken GetConnection = 66 ms.
Query Executed : SELECT 1
Time taken ExecuteQuery = 5 ms.
Time taken QueryWithResultset = 5 ms.
Query Executed : SELECT 1
Time taken ExecuteQuery = 6 ms.
Time taken QueryWithResultset = 6 ms.
Query Executed : SELECT 1
Time taken ExecuteQuery = 4 ms.
Time taken QueryWithResultset = 4 ms.
Query Executed : SELECT 1
Time taken ExecuteQuery = 4 ms.
Time taken QueryWithResultset = 4 ms.
Query Executed : SELECT 1
Time taken ExecuteQuery = 5 ms.
Time taken QueryWithResultset = 5 ms.
Query Executed : SELECT 1
Time taken ExecuteQuery = 5 ms.
Time taken QueryWithResultset = 6 ms.
Query Executed : SELECT 1
Time taken ExecuteQuery = 5 ms.
Time taken QueryWithResultset = 5 ms.
Query Executed : SELECT 1
Time taken ExecuteQuery = 11 ms.
Time taken QueryWithResultset = 12 ms.
Query Executed : SELECT 1
Time taken ExecuteQuery = 13 ms.
Time taken QueryWithResultset = 13 ms.
Query Executed : SELECT 1
Time taken ExecuteQuery = 5 ms.
Time taken QueryWithResultset = 5 ms.
Time taken CloseConnection = 0 ms.

Time taken GetConnection = 81 ms.
Query Executed : SELECT 1
Time taken ExecuteQuery = 5 ms.
Time taken QueryWithResultset = 5 ms.
Query Executed : SELECT 1
Time taken ExecuteQuery = 4 ms.
Time taken QueryWithResultset = 4 ms.
Query Executed : SELECT 1
Time taken ExecuteQuery = 11 ms.
Time taken QueryWithResultset = 11 ms.
Query Executed : SELECT 1
Time taken ExecuteQuery = 4 ms.
Time taken QueryWithResultset = 4 ms.
Query Executed : SELECT 1
Time taken ExecuteQuery = 5 ms.
Time taken QueryWithResultset = 5 ms.
Query Executed : SELECT 1
Time taken ExecuteQuery = 8 ms.
Time taken QueryWithResultset = 8 ms.
Query Executed : SELECT 1
Time taken ExecuteQuery = 5 ms.
Time taken QueryWithResultset = 5 ms.
Query Executed : SELECT 1
Time taken ExecuteQuery = 18 ms.
Time taken QueryWithResultset = 18 ms.
Query Executed : SELECT 1
Time taken ExecuteQuery = 4 ms.
Time taken QueryWithResultset = 4 ms.
Query Executed : SELECT 1
Time taken ExecuteQuery = 5 ms.
Time taken QueryWithResultset = 5 ms.
Time taken CloseConnection = 0 ms.

Time taken GetConnection = 196 ms.
Query Executed : SELECT 1
Time taken ExecuteQuery = 4 ms.
Time taken QueryWithResultset = 4 ms.
Query Executed : SELECT 1
Time taken ExecuteQuery = 10 ms.
Time taken QueryWithResultset = 10 ms.
Query Executed : SELECT 1
Time taken ExecuteQuery = 5 ms.
Time taken QueryWithResultset = 5 ms.
Query Executed : SELECT 1
Time taken ExecuteQuery = 5 ms.
Time taken QueryWithResultset = 5 ms.
Query Executed : SELECT 1
Time taken ExecuteQuery = 21 ms.
Time taken QueryWithResultset = 21 ms.
Query Executed : SELECT 1
Time taken ExecuteQuery = 11 ms.
Time taken QueryWithResultset = 11 ms.
Query Executed : SELECT 1
Time taken ExecuteQuery = 5 ms.
Time taken QueryWithResultset = 5 ms.
Query Executed : SELECT 1
Time taken ExecuteQuery = 14 ms.
Time taken QueryWithResultset = 14 ms.
Query Executed : SELECT 1
Time taken ExecuteQuery = 15 ms.
Time taken QueryWithResultset = 15 ms.
Query Executed : SELECT 1
Time taken ExecuteQuery = 5 ms.
Time taken QueryWithResultset = 5 ms.
Time taken CloseConnection = 0 ms.

Time taken GetConnection = 83 ms.
Query Executed : SELECT 1
Time taken ExecuteQuery = 7 ms.
Time taken QueryWithResultset = 7 ms.
Query Executed : SELECT 1
Time taken ExecuteQuery = 5 ms.
Time taken QueryWithResultset = 5 ms.
Query Executed : SELECT 1
Time taken ExecuteQuery = 10 ms.
Time taken QueryWithResultset = 10 ms.
Query Executed : SELECT 1
Time taken ExecuteQuery = 4 ms.
Time taken QueryWithResultset = 4 ms.
Query Executed : SELECT 1
Time taken ExecuteQuery = 6 ms.
Time taken QueryWithResultset = 6 ms.
Query Executed : SELECT 1
Time taken ExecuteQuery = 5 ms.
Time taken QueryWithResultset = 5 ms.
Query Executed : SELECT 1
Time taken ExecuteQuery = 12 ms.
Time taken QueryWithResultset = 12 ms.
Query Executed : SELECT 1
Time taken ExecuteQuery = 5 ms.
Time taken QueryWithResultset = 5 ms.
Query Executed : SELECT 1
Time taken ExecuteQuery = 4 ms.
Time taken QueryWithResultset = 4 ms.
Query Executed : SELECT 1
Time taken ExecuteQuery = 10 ms.
Time taken QueryWithResultset = 10 ms.
Time taken CloseConnection = 0 ms.

Time taken GetConnection = 67 ms.
Query Executed : SELECT 1
Time taken ExecuteQuery = 8 ms.
Time taken QueryWithResultset = 8 ms.
Query Executed : SELECT 1
Time taken ExecuteQuery = 5 ms.
Time taken QueryWithResultset = 5 ms.
Query Executed : SELECT 1
Time taken ExecuteQuery = 6 ms.
Time taken QueryWithResultset = 6 ms.
Query Executed : SELECT 1
Time taken ExecuteQuery = 4 ms.
Time taken QueryWithResultset = 4 ms.
Query Executed : SELECT 1
Time taken ExecuteQuery = 5 ms.
Time taken QueryWithResultset = 5 ms.
Query Executed : SELECT 1
Time taken ExecuteQuery = 4 ms.
Time taken QueryWithResultset = 5 ms.
Query Executed : SELECT 1
Time taken ExecuteQuery = 5 ms.
Time taken QueryWithResultset = 5 ms.
Query Executed : SELECT 1
Time taken ExecuteQuery = 6 ms.
Time taken QueryWithResultset = 6 ms.
Query Executed : SELECT 1
Time taken ExecuteQuery = 6 ms.
Time taken QueryWithResultset = 6 ms.
Query Executed : SELECT 1
Time taken ExecuteQuery = 4 ms.
Time taken QueryWithResultset = 4 ms.
Time taken CloseConnection = 1 ms.

Time taken GetConnection = 95 ms.
Query Executed : SELECT 1
Time taken ExecuteQuery = 9 ms.
Time taken QueryWithResultset = 9 ms.
Query Executed : SELECT 1
Time taken ExecuteQuery = 5 ms.
Time taken QueryWithResultset = 5 ms.
Query Executed : SELECT 1
Time taken ExecuteQuery = 4 ms.
Time taken QueryWithResultset = 4 ms.
Query Executed : SELECT 1
Time taken ExecuteQuery = 4 ms.
Time taken QueryWithResultset = 4 ms.
Query Executed : SELECT 1
Time taken ExecuteQuery = 6 ms.
Time taken QueryWithResultset = 6 ms.
Query Executed : SELECT 1
Time taken ExecuteQuery = 5 ms.
Time taken QueryWithResultset = 5 ms.
Query Executed : SELECT 1
Time taken ExecuteQuery = 4 ms.
Time taken QueryWithResultset = 4 ms.
Query Executed : SELECT 1
Time taken ExecuteQuery = 4 ms.
Time taken QueryWithResultset = 4 ms.
Query Executed : SELECT 1
Time taken ExecuteQuery = 4 ms.
Time taken QueryWithResultset = 4 ms.
Query Executed : SELECT 1
Time taken ExecuteQuery = 4 ms.
Time taken QueryWithResultset = 4 ms.
Time taken CloseConnection = 0 ms.

Time taken GetConnection = 54 ms.
Query Executed : SELECT 1
Time taken ExecuteQuery = 3 ms.
Time taken QueryWithResultset = 3 ms.
Query Executed : SELECT 1
Time taken ExecuteQuery = 5 ms.
Time taken QueryWithResultset = 5 ms.
Query Executed : SELECT 1
Time taken ExecuteQuery = 4 ms.
Time taken QueryWithResultset = 4 ms.
Query Executed : SELECT 1
Time taken ExecuteQuery = 5 ms.
Time taken QueryWithResultset = 5 ms.
Query Executed : SELECT 1
Time taken ExecuteQuery = 4 ms.
Time taken QueryWithResultset = 4 ms.
Query Executed : SELECT 1
Time taken ExecuteQuery = 6 ms.
Time taken QueryWithResultset = 6 ms.
Query Executed : SELECT 1
Time taken ExecuteQuery = 4 ms.
Time taken QueryWithResultset = 4 ms.
Query Executed : SELECT 1
Time taken ExecuteQuery = 5 ms.
Time taken QueryWithResultset = 5 ms.
Query Executed : SELECT 1
Time taken ExecuteQuery = 5 ms.
Time taken QueryWithResultset = 5 ms.
Query Executed : SELECT 1
Time taken ExecuteQuery = 7 ms.
Time taken QueryWithResultset = 7 ms.
Time taken CloseConnection = 0 ms.

Time taken GetConnection = 66 ms.
Query Executed : SELECT 1
Time taken ExecuteQuery = 6 ms.
Time taken QueryWithResultset = 6 ms.
Query Executed : SELECT 1
Time taken ExecuteQuery = 5 ms.
Time taken QueryWithResultset = 5 ms.
Query Executed : SELECT 1
Time taken ExecuteQuery = 6 ms.
Time taken QueryWithResultset = 6 ms.
Query Executed : SELECT 1
Time taken ExecuteQuery = 9 ms.
Time taken QueryWithResultset = 9 ms.
Query Executed : SELECT 1
Time taken ExecuteQuery = 6 ms.
Time taken QueryWithResultset = 7 ms.
Query Executed : SELECT 1
Time taken ExecuteQuery = 64 ms.
Time taken QueryWithResultset = 64 ms.
Query Executed : SELECT 1
Time taken ExecuteQuery = 5 ms.
Time taken QueryWithResultset = 5 ms.
Query Executed : SELECT 1
Time taken ExecuteQuery = 4 ms.
Time taken QueryWithResultset = 4 ms.
Query Executed : SELECT 1
Time taken ExecuteQuery = 5 ms.
Time taken QueryWithResultset = 5 ms.
Query Executed : SELECT 1
Time taken ExecuteQuery = 10 ms.
Time taken QueryWithResultset = 10 ms.
Time taken CloseConnection = 1 ms.

Time taken GetConnection = 356 ms.
Query Executed : SELECT 1
Time taken ExecuteQuery = 5 ms.
Time taken QueryWithResultset = 5 ms.
Query Executed : SELECT 1
Time taken ExecuteQuery = 6 ms.
Time taken QueryWithResultset = 6 ms.
Query Executed : SELECT 1
Time taken ExecuteQuery = 4 ms.
Time taken QueryWithResultset = 4 ms.
Query Executed : SELECT 1
Time taken ExecuteQuery = 4 ms.
Time taken QueryWithResultset = 4 ms.
Query Executed : SELECT 1
Time taken ExecuteQuery = 5 ms.
Time taken QueryWithResultset = 5 ms.
Query Executed : SELECT 1
Time taken ExecuteQuery = 5 ms.
Time taken QueryWithResultset = 5 ms.
Query Executed : SELECT 1
Time taken ExecuteQuery = 6 ms.
Time taken QueryWithResultset = 6 ms.
Query Executed : SELECT 1
Time taken ExecuteQuery = 6 ms.
Time taken QueryWithResultset = 6 ms.
Query Executed : SELECT 1
Time taken ExecuteQuery = 4 ms.
Time taken QueryWithResultset = 4 ms.
Query Executed : SELECT 1
Time taken ExecuteQuery = 10 ms.
Time taken QueryWithResultset = 10 ms.
Time taken CloseConnection = 0 ms.

Time taken GetConnection = 111 ms.
Query Executed : SELECT 1
Time taken ExecuteQuery = 4 ms.
Time taken QueryWithResultset = 4 ms.
Query Executed : SELECT 1
Time taken ExecuteQuery = 5 ms.
Time taken QueryWithResultset = 5 ms.
Query Executed : SELECT 1
Time taken ExecuteQuery = 4 ms.
Time taken QueryWithResultset = 4 ms.
Query Executed : SELECT 1
Time taken ExecuteQuery = 5 ms.
Time taken QueryWithResultset = 5 ms.
Query Executed : SELECT 1
Time taken ExecuteQuery = 5 ms.
Time taken QueryWithResultset = 5 ms.
Query Executed : SELECT 1
Time taken ExecuteQuery = 4 ms.
Time taken QueryWithResultset = 4 ms.
Query Executed : SELECT 1
Time taken ExecuteQuery = 23 ms.
Time taken QueryWithResultset = 23 ms.
Query Executed : SELECT 1
Time taken ExecuteQuery = 4 ms.
Time taken QueryWithResultset = 4 ms.
Query Executed : SELECT 1
Time taken ExecuteQuery = 5 ms.
Time taken QueryWithResultset = 5 ms.
Query Executed : SELECT 1
Time taken ExecuteQuery = 4 ms.
Time taken QueryWithResultset = 4 ms.
Time taken CloseConnection = 1 ms.

Time taken GetConnection = 200 ms.
Query Executed : SELECT 1
Time taken ExecuteQuery = 25 ms.
Time taken QueryWithResultset = 25 ms.
Query Executed : SELECT 1
Time taken ExecuteQuery = 8 ms.
Time taken QueryWithResultset = 8 ms.
Query Executed : SELECT 1
Time taken ExecuteQuery = 8 ms.
Time taken QueryWithResultset = 8 ms.
Query Executed : SELECT 1
Time taken ExecuteQuery = 11 ms.
Time taken QueryWithResultset = 12 ms.
Query Executed : SELECT 1
Time taken ExecuteQuery = 5 ms.
Time taken QueryWithResultset = 5 ms.
Query Executed : SELECT 1
Time taken ExecuteQuery = 8 ms.
Time taken QueryWithResultset = 8 ms.
Query Executed : SELECT 1
Time taken ExecuteQuery = 9 ms.
Time taken QueryWithResultset = 9 ms.
Query Executed : SELECT 1
Time taken ExecuteQuery = 7 ms.
Time taken QueryWithResultset = 7 ms.
Query Executed : SELECT 1
Time taken ExecuteQuery = 5 ms.
Time taken QueryWithResultset = 5 ms.
Query Executed : SELECT 1
Time taken ExecuteQuery = 5 ms.
Time taken QueryWithResultset = 6 ms.
Time taken CloseConnection = 0 ms.

Time taken GetConnection = 112 ms.
Query Executed : SELECT 1
Time taken ExecuteQuery = 4 ms.
Time taken QueryWithResultset = 4 ms.
Query Executed : SELECT 1
Time taken ExecuteQuery = 4 ms.
Time taken QueryWithResultset = 4 ms.
Query Executed : SELECT 1
Time taken ExecuteQuery = 10 ms.
Time taken QueryWithResultset = 10 ms.
Query Executed : SELECT 1
Time taken ExecuteQuery = 6 ms.
Time taken QueryWithResultset = 6 ms.
Query Executed : SELECT 1
Time taken ExecuteQuery = 9 ms.
Time taken QueryWithResultset = 9 ms.
Query Executed : SELECT 1
Time taken ExecuteQuery = 4 ms.
Time taken QueryWithResultset = 5 ms.
Query Executed : SELECT 1
Time taken ExecuteQuery = 5 ms.
Time taken QueryWithResultset = 5 ms.
Query Executed : SELECT 1
Time taken ExecuteQuery = 9 ms.
Time taken QueryWithResultset = 9 ms.
Query Executed : SELECT 1
Time taken ExecuteQuery = 5 ms.
Time taken QueryWithResultset = 5 ms.
Query Executed : SELECT 1
Time taken ExecuteQuery = 7 ms.
Time taken QueryWithResultset = 7 ms.
Time taken CloseConnection = 0 ms.

Time taken GetConnection = 188 ms.
Query Executed : SELECT 1
Time taken ExecuteQuery = 3 ms.
Time taken QueryWithResultset = 3 ms.
Query Executed : SELECT 1
Time taken ExecuteQuery = 8 ms.
Time taken QueryWithResultset = 8 ms.
Query Executed : SELECT 1
Time taken ExecuteQuery = 6 ms.
Time taken QueryWithResultset = 6 ms.
Query Executed : SELECT 1
Time taken ExecuteQuery = 6 ms.
Time taken QueryWithResultset = 6 ms.
Query Executed : SELECT 1
Time taken ExecuteQuery = 4 ms.
Time taken QueryWithResultset = 4 ms.
Query Executed : SELECT 1
Time taken ExecuteQuery = 4 ms.
Time taken QueryWithResultset = 4 ms.
Query Executed : SELECT 1
Time taken ExecuteQuery = 4 ms.
Time taken QueryWithResultset = 4 ms.
Query Executed : SELECT 1
Time taken ExecuteQuery = 5 ms.
Time taken QueryWithResultset = 5 ms.
Query Executed : SELECT 1
Time taken ExecuteQuery = 6 ms.
Time taken QueryWithResultset = 6 ms.
Query Executed : SELECT 1
Time taken ExecuteQuery = 4 ms.
Time taken QueryWithResultset = 4 ms.
Time taken CloseConnection = 0 ms.

Time taken GetConnection = 105 ms.
Query Executed : SELECT 1
Time taken ExecuteQuery = 4 ms.
Time taken QueryWithResultset = 4 ms.
Query Executed : SELECT 1
Time taken ExecuteQuery = 4 ms.
Time taken QueryWithResultset = 4 ms.
Query Executed : SELECT 1
Time taken ExecuteQuery = 5 ms.
Time taken QueryWithResultset = 5 ms.
Query Executed : SELECT 1
Time taken ExecuteQuery = 4 ms.
Time taken QueryWithResultset = 4 ms.
Query Executed : SELECT 1
Time taken ExecuteQuery = 4 ms.
Time taken QueryWithResultset = 4 ms.
Query Executed : SELECT 1
Time taken ExecuteQuery = 5 ms.
Time taken QueryWithResultset = 5 ms.
Query Executed : SELECT 1
Time taken ExecuteQuery = 5 ms.
Time taken QueryWithResultset = 5 ms.
Query Executed : SELECT 1
Time taken ExecuteQuery = 4 ms.
Time taken QueryWithResultset = 4 ms.
Query Executed : SELECT 1
Time taken ExecuteQuery = 4 ms.
Time taken QueryWithResultset = 4 ms.
Query Executed : SELECT 1
Time taken ExecuteQuery = 5 ms.
Time taken QueryWithResultset = 5 ms.
Time taken CloseConnection = 0 ms.

Time taken GetConnection = 234 ms.
Query Executed : SELECT 1
Time taken ExecuteQuery = 3 ms.
Time taken QueryWithResultset = 3 ms.
Query Executed : SELECT 1
Time taken ExecuteQuery = 3 ms.
Time taken QueryWithResultset = 4 ms.
Query Executed : SELECT 1
Time taken ExecuteQuery = 4 ms.
Time taken QueryWithResultset = 4 ms.
Query Executed : SELECT 1
Time taken ExecuteQuery = 5 ms.
Time taken QueryWithResultset = 5 ms.
Query Executed : SELECT 1
Time taken ExecuteQuery = 4 ms.
Time taken QueryWithResultset = 4 ms.
Query Executed : SELECT 1
Time taken ExecuteQuery = 5 ms.
Time taken QueryWithResultset = 5 ms.
Query Executed : SELECT 1
Time taken ExecuteQuery = 5 ms.
Time taken QueryWithResultset = 5 ms.
Query Executed : SELECT 1
Time taken ExecuteQuery = 5 ms.
Time taken QueryWithResultset = 5 ms.
Query Executed : SELECT 1
Time taken ExecuteQuery = 7 ms.
Time taken QueryWithResultset = 7 ms.
Query Executed : SELECT 1
Time taken ExecuteQuery = 3 ms.
Time taken QueryWithResultset = 3 ms.
Time taken CloseConnection = 0 ms.

Time taken GetConnection = 141 ms.
Query Executed : SELECT 1
Time taken ExecuteQuery = 5 ms.
Time taken QueryWithResultset = 5 ms.
Query Executed : SELECT 1
Time taken ExecuteQuery = 6 ms.
Time taken QueryWithResultset = 6 ms.
Query Executed : SELECT 1
Time taken ExecuteQuery = 5 ms.
Time taken QueryWithResultset = 5 ms.
Query Executed : SELECT 1
Time taken ExecuteQuery = 5 ms.
Time taken QueryWithResultset = 5 ms.
Query Executed : SELECT 1
Time taken ExecuteQuery = 11 ms.
Time taken QueryWithResultset = 11 ms.
Query Executed : SELECT 1
Time taken ExecuteQuery = 14 ms.
Time taken QueryWithResultset = 14 ms.
Query Executed : SELECT 1
Time taken ExecuteQuery = 5 ms.
Time taken QueryWithResultset = 5 ms.
Query Executed : SELECT 1
Time taken ExecuteQuery = 4 ms.
Time taken QueryWithResultset = 4 ms.
Query Executed : SELECT 1
Time taken ExecuteQuery = 5 ms.
Time taken QueryWithResultset = 5 ms.
Query Executed : SELECT 1
Time taken ExecuteQuery = 4 ms.
Time taken QueryWithResultset = 4 ms.
Time taken CloseConnection = 1 ms.

Time taken GetConnection = 118 ms.
Query Executed : SELECT 1
Time taken ExecuteQuery = 3 ms.
Time taken QueryWithResultset = 3 ms.
Query Executed : SELECT 1
Time taken ExecuteQuery = 5 ms.
Time taken QueryWithResultset = 5 ms.
Query Executed : SELECT 1
Time taken ExecuteQuery = 5 ms.
Time taken QueryWithResultset = 5 ms.
Query Executed : SELECT 1
Time taken ExecuteQuery = 4 ms.
Time taken QueryWithResultset = 4 ms.
Query Executed : SELECT 1
Time taken ExecuteQuery = 6 ms.
Time taken QueryWithResultset = 6 ms.
Query Executed : SELECT 1
Time taken ExecuteQuery = 6 ms.
Time taken QueryWithResultset = 7 ms.
Query Executed : SELECT 1
Time taken ExecuteQuery = 5 ms.
Time taken QueryWithResultset = 5 ms.
Query Executed : SELECT 1
Time taken ExecuteQuery = 5 ms.
Time taken QueryWithResultset = 5 ms.
Query Executed : SELECT 1
Time taken ExecuteQuery = 29 ms.
Time taken QueryWithResultset = 29 ms.
Query Executed : SELECT 1
Time taken ExecuteQuery = 7 ms.
Time taken QueryWithResultset = 7 ms.
Time taken CloseConnection = 0 ms.

Time taken GetConnection = 81 ms.
Query Executed : SELECT 1
Time taken ExecuteQuery = 5 ms.
Time taken QueryWithResultset = 5 ms.
Query Executed : SELECT 1
Time taken ExecuteQuery = 4 ms.
Time taken QueryWithResultset = 4 ms.
Query Executed : SELECT 1
Time taken ExecuteQuery = 4 ms.
Time taken QueryWithResultset = 4 ms.
Query Executed : SELECT 1
Time taken ExecuteQuery = 4 ms.
Time taken QueryWithResultset = 4 ms.
Query Executed : SELECT 1
Time taken ExecuteQuery = 7 ms.
Time taken QueryWithResultset = 7 ms.
Query Executed : SELECT 1
Time taken ExecuteQuery = 9 ms.
Time taken QueryWithResultset = 9 ms.
Query Executed : SELECT 1
Time taken ExecuteQuery = 7 ms.
Time taken QueryWithResultset = 7 ms.
Query Executed : SELECT 1
Time taken ExecuteQuery = 4 ms.
Time taken QueryWithResultset = 4 ms.
Query Executed : SELECT 1
Time taken ExecuteQuery = 4 ms.
Time taken QueryWithResultset = 4 ms.
Query Executed : SELECT 1
Time taken ExecuteQuery = 7 ms.
Time taken QueryWithResultset = 7 ms.
Time taken CloseConnection = 0 ms.

Time taken GetConnection = 65 ms.
Query Executed : SELECT 1
Time taken ExecuteQuery = 4 ms.
Time taken QueryWithResultset = 4 ms.
Query Executed : SELECT 1
Time taken ExecuteQuery = 4 ms.
Time taken QueryWithResultset = 4 ms.
Query Executed : SELECT 1
Time taken ExecuteQuery = 4 ms.
Time taken QueryWithResultset = 4 ms.
Query Executed : SELECT 1
Time taken ExecuteQuery = 6 ms.
Time taken QueryWithResultset = 6 ms.
Query Executed : SELECT 1
Time taken ExecuteQuery = 5 ms.
Time taken QueryWithResultset = 5 ms.
Query Executed : SELECT 1
Time taken ExecuteQuery = 5 ms.
Time taken QueryWithResultset = 5 ms.
Query Executed : SELECT 1
Time taken ExecuteQuery = 8 ms.
Time taken QueryWithResultset = 8 ms.
Query Executed : SELECT 1
Time taken ExecuteQuery = 4 ms.
Time taken QueryWithResultset = 4 ms.
Query Executed : SELECT 1
Time taken ExecuteQuery = 5 ms.
Time taken QueryWithResultset = 5 ms.
Query Executed : SELECT 1
Time taken ExecuteQuery = 9 ms.
Time taken QueryWithResultset = 9 ms.
Time taken CloseConnection = 2 ms.

Time taken GetConnection = 104 ms.
Query Executed : SELECT 1
Time taken ExecuteQuery = 6 ms.
Time taken QueryWithResultset = 6 ms.
Query Executed : SELECT 1
Time taken ExecuteQuery = 8 ms.
Time taken QueryWithResultset = 8 ms.
Query Executed : SELECT 1
Time taken ExecuteQuery = 5 ms.
Time taken QueryWithResultset = 5 ms.
Query Executed : SELECT 1
Time taken ExecuteQuery = 7 ms.
Time taken QueryWithResultset = 7 ms.
Query Executed : SELECT 1
Time taken ExecuteQuery = 5 ms.
Time taken QueryWithResultset = 5 ms.
Query Executed : SELECT 1
Time taken ExecuteQuery = 5 ms.
Time taken QueryWithResultset = 5 ms.
Query Executed : SELECT 1
Time taken ExecuteQuery = 7 ms.
Time taken QueryWithResultset = 7 ms.
Query Executed : SELECT 1
Time taken ExecuteQuery = 5 ms.
Time taken QueryWithResultset = 5 ms.
Query Executed : SELECT 1
Time taken ExecuteQuery = 10 ms.
Time taken QueryWithResultset = 10 ms.
Query Executed : SELECT 1
Time taken ExecuteQuery = 5 ms.
Time taken QueryWithResultset = 5 ms.
Time taken CloseConnection = 1 ms.

Time taken GetConnection = 70 ms.
Query Executed : SELECT 1
Time taken ExecuteQuery = 4 ms.
Time taken QueryWithResultset = 4 ms.
Query Executed : SELECT 1
Time taken ExecuteQuery = 5 ms.
Time taken QueryWithResultset = 5 ms.
Query Executed : SELECT 1
Time taken ExecuteQuery = 4 ms.
Time taken QueryWithResultset = 4 ms.
Query Executed : SELECT 1
Time taken ExecuteQuery = 5 ms.
Time taken QueryWithResultset = 5 ms.
Query Executed : SELECT 1
Time taken ExecuteQuery = 5 ms.
Time taken QueryWithResultset = 5 ms.
Query Executed : SELECT 1
Time taken ExecuteQuery = 5 ms.
Time taken QueryWithResultset = 5 ms.
Query Executed : SELECT 1
Time taken ExecuteQuery = 5 ms.
Time taken QueryWithResultset = 5 ms.
Query Executed : SELECT 1
Time taken ExecuteQuery = 4 ms.
Time taken QueryWithResultset = 4 ms.
Query Executed : SELECT 1
Time taken ExecuteQuery = 5 ms.
Time taken QueryWithResultset = 5 ms.
Query Executed : SELECT 1
Time taken ExecuteQuery = 6 ms.
Time taken QueryWithResultset = 6 ms.
Time taken CloseConnection = 0 ms.

Time taken GetConnection = 59 ms.
Query Executed : SELECT 1
Time taken ExecuteQuery = 5 ms.
Time taken QueryWithResultset = 5 ms.
Query Executed : SELECT 1
Time taken ExecuteQuery = 4 ms.
Time taken QueryWithResultset = 4 ms.
Query Executed : SELECT 1
Time taken ExecuteQuery = 6 ms.
Time taken QueryWithResultset = 7 ms.
Query Executed : SELECT 1
Time taken ExecuteQuery = 8 ms.
Time taken QueryWithResultset = 8 ms.
Query Executed : SELECT 1
Time taken ExecuteQuery = 5 ms.
Time taken QueryWithResultset = 5 ms.
Query Executed : SELECT 1
Time taken ExecuteQuery = 5 ms.
Time taken QueryWithResultset = 5 ms.
Query Executed : SELECT 1
Time taken ExecuteQuery = 4 ms.
Time taken QueryWithResultset = 4 ms.
Query Executed : SELECT 1
Time taken ExecuteQuery = 5 ms.
Time taken QueryWithResultset = 5 ms.
Query Executed : SELECT 1
Time taken ExecuteQuery = 9 ms.
Time taken QueryWithResultset = 9 ms.
Query Executed : SELECT 1
Time taken ExecuteQuery = 4 ms.
Time taken QueryWithResultset = 4 ms.
Time taken CloseConnection = 0 ms.

Time taken GetConnection = 70 ms.
Query Executed : SELECT 1
Time taken ExecuteQuery = 4 ms.
Time taken QueryWithResultset = 4 ms.
Query Executed : SELECT 1
Time taken ExecuteQuery = 4 ms.
Time taken QueryWithResultset = 4 ms.
Query Executed : SELECT 1
Time taken ExecuteQuery = 4 ms.
Time taken QueryWithResultset = 4 ms.
Query Executed : SELECT 1
Time taken ExecuteQuery = 6 ms.
Time taken QueryWithResultset = 6 ms.
Query Executed : SELECT 1
Time taken ExecuteQuery = 4 ms.
Time taken QueryWithResultset = 4 ms.
Query Executed : SELECT 1
Time taken ExecuteQuery = 4 ms.
Time taken QueryWithResultset = 4 ms.
Query Executed : SELECT 1
Time taken ExecuteQuery = 6 ms.
Time taken QueryWithResultset = 6 ms.
Query Executed : SELECT 1
Time taken ExecuteQuery = 9 ms.
Time taken QueryWithResultset = 9 ms.
Query Executed : SELECT 1
Time taken ExecuteQuery = 5 ms.
Time taken QueryWithResultset = 5 ms.
Query Executed : SELECT 1
Time taken ExecuteQuery = 6 ms.
Time taken QueryWithResultset = 6 ms.
Time taken CloseConnection = 1 ms.

Time taken GetConnection = 92 ms.
Query Executed : SELECT 1
Time taken ExecuteQuery = 4 ms.
Time taken QueryWithResultset = 4 ms.
Query Executed : SELECT 1
Time taken ExecuteQuery = 4 ms.
Time taken QueryWithResultset = 5 ms.
Query Executed : SELECT 1
Time taken ExecuteQuery = 5 ms.
Time taken QueryWithResultset = 5 ms.
Query Executed : SELECT 1
Time taken ExecuteQuery = 5 ms.
Time taken QueryWithResultset = 5 ms.
Query Executed : SELECT 1
Time taken ExecuteQuery = 5 ms.
Time taken QueryWithResultset = 5 ms.
Query Executed : SELECT 1
Time taken ExecuteQuery = 5 ms.
Time taken QueryWithResultset = 5 ms.
Query Executed : SELECT 1
Time taken ExecuteQuery = 4 ms.
Time taken QueryWithResultset = 4 ms.
Query Executed : SELECT 1
Time taken ExecuteQuery = 4 ms.
Time taken QueryWithResultset = 4 ms.
Query Executed : SELECT 1
Time taken ExecuteQuery = 5 ms.
Time taken QueryWithResultset = 5 ms.
Query Executed : SELECT 1
Time taken ExecuteQuery = 4 ms.
Time taken QueryWithResultset = 4 ms.
Time taken CloseConnection = 1 ms.

Time taken GetConnection = 52 ms.
Query Executed : SELECT 1
Time taken ExecuteQuery = 4 ms.
Time taken QueryWithResultset = 5 ms.
Query Executed : SELECT 1
Time taken ExecuteQuery = 3 ms.
Time taken QueryWithResultset = 4 ms.
Query Executed : SELECT 1
Time taken ExecuteQuery = 8 ms.
Time taken QueryWithResultset = 8 ms.
Query Executed : SELECT 1
Time taken ExecuteQuery = 4 ms.
Time taken QueryWithResultset = 5 ms.
Query Executed : SELECT 1
Time taken ExecuteQuery = 4 ms.
Time taken QueryWithResultset = 4 ms.
Query Executed : SELECT 1
Time taken ExecuteQuery = 6 ms.
Time taken QueryWithResultset = 6 ms.
Query Executed : SELECT 1
Time taken ExecuteQuery = 4 ms.
Time taken QueryWithResultset = 4 ms.
Query Executed : SELECT 1
Time taken ExecuteQuery = 4 ms.
Time taken QueryWithResultset = 4 ms.
Query Executed : SELECT 1
Time taken ExecuteQuery = 6 ms.
Time taken QueryWithResultset = 6 ms.
Query Executed : SELECT 1
Time taken ExecuteQuery = 4 ms.
Time taken QueryWithResultset = 4 ms.
Time taken CloseConnection = 1 ms.

Time taken GetConnection = 62 ms.
Query Executed : SELECT 1
Time taken ExecuteQuery = 6 ms.
Time taken QueryWithResultset = 6 ms.
Query Executed : SELECT 1
Time taken ExecuteQuery = 4 ms.
Time taken QueryWithResultset = 4 ms.
Query Executed : SELECT 1
Time taken ExecuteQuery = 4 ms.
Time taken QueryWithResultset = 4 ms.
Query Executed : SELECT 1
Time taken ExecuteQuery = 4 ms.
Time taken QueryWithResultset = 4 ms.
Query Executed : SELECT 1
Time taken ExecuteQuery = 5 ms.
Time taken QueryWithResultset = 5 ms.
Query Executed : SELECT 1
Time taken ExecuteQuery = 7 ms.
Time taken QueryWithResultset = 7 ms.
Query Executed : SELECT 1
Time taken ExecuteQuery = 4 ms.
Time taken QueryWithResultset = 5 ms.
Query Executed : SELECT 1
Time taken ExecuteQuery = 6 ms.
Time taken QueryWithResultset = 6 ms.
Query Executed : SELECT 1
Time taken ExecuteQuery = 4 ms.
Time taken QueryWithResultset = 4 ms.
Query Executed : SELECT 1
Time taken ExecuteQuery = 5 ms.
Time taken QueryWithResultset = 5 ms.
Time taken CloseConnection = 0 ms.

Time taken GetConnection = 60 ms.
Query Executed : SELECT 1
Time taken ExecuteQuery = 4 ms.
Time taken QueryWithResultset = 4 ms.
Query Executed : SELECT 1
Time taken ExecuteQuery = 3 ms.
Time taken QueryWithResultset = 3 ms.
Query Executed : SELECT 1
Time taken ExecuteQuery = 4 ms.
Time taken QueryWithResultset = 4 ms.
Query Executed : SELECT 1
Time taken ExecuteQuery = 4 ms.
Time taken QueryWithResultset = 4 ms.
Query Executed : SELECT 1
Time taken ExecuteQuery = 7 ms.
Time taken QueryWithResultset = 7 ms.
Query Executed : SELECT 1
Time taken ExecuteQuery = 5 ms.
Time taken QueryWithResultset = 5 ms.
Query Executed : SELECT 1
Time taken ExecuteQuery = 6 ms.
Time taken QueryWithResultset = 6 ms.
Query Executed : SELECT 1
Time taken ExecuteQuery = 4 ms.
Time taken QueryWithResultset = 5 ms.
Query Executed : SELECT 1
Time taken ExecuteQuery = 8 ms.
Time taken QueryWithResultset = 8 ms.
Query Executed : SELECT 1
Time taken ExecuteQuery = 5 ms.
Time taken QueryWithResultset = 5 ms.
Time taken CloseConnection = 0 ms.

Time taken GetConnection = 101 ms.
Query Executed : SELECT 1
Time taken ExecuteQuery = 4 ms.
Time taken QueryWithResultset = 4 ms.
Query Executed : SELECT 1
Time taken ExecuteQuery = 4 ms.
Time taken QueryWithResultset = 4 ms.
Query Executed : SELECT 1
Time taken ExecuteQuery = 4 ms.
Time taken QueryWithResultset = 4 ms.
Query Executed : SELECT 1
Time taken ExecuteQuery = 4 ms.
Time taken QueryWithResultset = 4 ms.
Query Executed : SELECT 1
Time taken ExecuteQuery = 4 ms.
Time taken QueryWithResultset = 4 ms.
Query Executed : SELECT 1
Time taken ExecuteQuery = 6 ms.
Time taken QueryWithResultset = 6 ms.
Query Executed : SELECT 1
Time taken ExecuteQuery = 7 ms.
Time taken QueryWithResultset = 7 ms.
Query Executed : SELECT 1
Time taken ExecuteQuery = 5 ms.
Time taken QueryWithResultset = 5 ms.
Query Executed : SELECT 1
Time taken ExecuteQuery = 4 ms.
Time taken QueryWithResultset = 4 ms.
Query Executed : SELECT 1
Time taken ExecuteQuery = 15 ms.
Time taken QueryWithResultset = 15 ms.
Time taken CloseConnection = 1 ms.

Time taken GetConnection = 69 ms.
Query Executed : SELECT 1
Time taken ExecuteQuery = 10 ms.
Time taken QueryWithResultset = 10 ms.
Query Executed : SELECT 1
Time taken ExecuteQuery = 5 ms.
Time taken QueryWithResultset = 5 ms.
Query Executed : SELECT 1
Time taken ExecuteQuery = 6 ms.
Time taken QueryWithResultset = 6 ms.
Query Executed : SELECT 1
Time taken ExecuteQuery = 50 ms.
Time taken QueryWithResultset = 51 ms.
Query Executed : SELECT 1
Time taken ExecuteQuery = 53 ms.
Time taken QueryWithResultset = 54 ms.
Query Executed : SELECT 1
Time taken ExecuteQuery = 4 ms.
Time taken QueryWithResultset = 4 ms.
Query Executed : SELECT 1
Time taken ExecuteQuery = 6 ms.
Time taken QueryWithResultset = 6 ms.
Query Executed : SELECT 1
Time taken ExecuteQuery = 5 ms.
Time taken QueryWithResultset = 5 ms.
Query Executed : SELECT 1
Time taken ExecuteQuery = 10 ms.
Time taken QueryWithResultset = 10 ms.
Query Executed : SELECT 1
Time taken ExecuteQuery = 12 ms.
Time taken QueryWithResultset = 12 ms.
Time taken CloseConnection = 1 ms.

Time taken GetConnection = 54 ms.
Query Executed : SELECT 1
Time taken ExecuteQuery = 4 ms.
Time taken QueryWithResultset = 4 ms.
Query Executed : SELECT 1
Time taken ExecuteQuery = 11 ms.
Time taken QueryWithResultset = 12 ms.
Query Executed : SELECT 1
Time taken ExecuteQuery = 4 ms.
Time taken QueryWithResultset = 5 ms.
Query Executed : SELECT 1
Time taken ExecuteQuery = 4 ms.
Time taken QueryWithResultset = 4 ms.
Query Executed : SELECT 1
Time taken ExecuteQuery = 15 ms.
Time taken QueryWithResultset = 15 ms.
Query Executed : SELECT 1
Time taken ExecuteQuery = 7 ms.
Time taken QueryWithResultset = 7 ms.
Query Executed : SELECT 1
Time taken ExecuteQuery = 4 ms.
Time taken QueryWithResultset = 4 ms.
Query Executed : SELECT 1
Time taken ExecuteQuery = 4 ms.
Time taken QueryWithResultset = 4 ms.
Query Executed : SELECT 1
Time taken ExecuteQuery = 6 ms.
Time taken QueryWithResultset = 6 ms.
Query Executed : SELECT 1
Time taken ExecuteQuery = 4 ms.
Time taken QueryWithResultset = 4 ms.
Time taken CloseConnection = 0 ms.

Time taken GetConnection = 101 ms.
Query Executed : SELECT 1
Time taken ExecuteQuery = 3 ms.
Time taken QueryWithResultset = 3 ms.
Query Executed : SELECT 1
Time taken ExecuteQuery = 4 ms.
Time taken QueryWithResultset = 4 ms.
Query Executed : SELECT 1
Time taken ExecuteQuery = 5 ms.
Time taken QueryWithResultset = 5 ms.
Query Executed : SELECT 1
Time taken ExecuteQuery = 4 ms.
Time taken QueryWithResultset = 4 ms.
Query Executed : SELECT 1
Time taken ExecuteQuery = 6 ms.
Time taken QueryWithResultset = 6 ms.
Query Executed : SELECT 1
Time taken ExecuteQuery = 5 ms.
Time taken QueryWithResultset = 5 ms.
Query Executed : SELECT 1
Time taken ExecuteQuery = 30 ms.
Time taken QueryWithResultset = 30 ms.
Query Executed : SELECT 1
Time taken ExecuteQuery = 6 ms.
Time taken QueryWithResultset = 6 ms.
Query Executed : SELECT 1
Time taken ExecuteQuery = 5 ms.
Time taken QueryWithResultset = 5 ms.
Query Executed : SELECT 1
Time taken ExecuteQuery = 4 ms.
Time taken QueryWithResultset = 4 ms.
Time taken CloseConnection = 1 ms.

Time taken GetConnection = 55 ms.
Query Executed : SELECT 1
Time taken ExecuteQuery = 3 ms.
Time taken QueryWithResultset = 3 ms.
Query Executed : SELECT 1
Time taken ExecuteQuery = 6 ms.
Time taken QueryWithResultset = 6 ms.
Query Executed : SELECT 1
Time taken ExecuteQuery = 8 ms.
Time taken QueryWithResultset = 8 ms.
Query Executed : SELECT 1
Time taken ExecuteQuery = 5 ms.
Time taken QueryWithResultset = 5 ms.
Query Executed : SELECT 1
Time taken ExecuteQuery = 6 ms.
Time taken QueryWithResultset = 6 ms.
Query Executed : SELECT 1
Time taken ExecuteQuery = 5 ms.
Time taken QueryWithResultset = 5 ms.
Query Executed : SELECT 1
Time taken ExecuteQuery = 4 ms.
Time taken QueryWithResultset = 4 ms.
Query Executed : SELECT 1
Time taken ExecuteQuery = 3 ms.
Time taken QueryWithResultset = 3 ms.
Query Executed : SELECT 1
Time taken ExecuteQuery = 3 ms.
Time taken QueryWithResultset = 3 ms.
Query Executed : SELECT 1
Time taken ExecuteQuery = 6 ms.
Time taken QueryWithResultset = 6 ms.
Time taken CloseConnection = 1 ms.

Time taken GetConnection = 93 ms.
Query Executed : SELECT 1
Time taken ExecuteQuery = 4 ms.
Time taken QueryWithResultset = 4 ms.
Query Executed : SELECT 1
Time taken ExecuteQuery = 7 ms.
Time taken QueryWithResultset = 7 ms.
Query Executed : SELECT 1
Time taken ExecuteQuery = 4 ms.
Time taken QueryWithResultset = 4 ms.
Query Executed : SELECT 1
Time taken ExecuteQuery = 6 ms.
Time taken QueryWithResultset = 6 ms.
Query Executed : SELECT 1
Time taken ExecuteQuery = 4 ms.
Time taken QueryWithResultset = 4 ms.
Query Executed : SELECT 1
Time taken ExecuteQuery = 5 ms.
Time taken QueryWithResultset = 5 ms.
Query Executed : SELECT 1
Time taken ExecuteQuery = 6 ms.
Time taken QueryWithResultset = 7 ms.
Query Executed : SELECT 1
Time taken ExecuteQuery = 4 ms.
Time taken QueryWithResultset = 4 ms.
Query Executed : SELECT 1
Time taken ExecuteQuery = 4 ms.
Time taken QueryWithResultset = 5 ms.
Query Executed : SELECT 1
Time taken ExecuteQuery = 4 ms.
Time taken QueryWithResultset = 5 ms.
Time taken CloseConnection = 0 ms.

Time taken GetConnection = 59 ms.
Query Executed : SELECT 1
Time taken ExecuteQuery = 4 ms.
Time taken QueryWithResultset = 4 ms.
Query Executed : SELECT 1
Time taken ExecuteQuery = 5 ms.
Time taken QueryWithResultset = 5 ms.
Query Executed : SELECT 1
Time taken ExecuteQuery = 4 ms.
Time taken QueryWithResultset = 4 ms.
Query Executed : SELECT 1
Time taken ExecuteQuery = 71 ms.
Time taken QueryWithResultset = 71 ms.
Query Executed : SELECT 1
Time taken ExecuteQuery = 4 ms.
Time taken QueryWithResultset = 4 ms.
Query Executed : SELECT 1
Time taken ExecuteQuery = 6 ms.
Time taken QueryWithResultset = 6 ms.
Query Executed : SELECT 1
Time taken ExecuteQuery = 5 ms.
Time taken QueryWithResultset = 6 ms.
Query Executed : SELECT 1
Time taken ExecuteQuery = 9 ms.
Time taken QueryWithResultset = 10 ms.
Query Executed : SELECT 1
Time taken ExecuteQuery = 5 ms.
Time taken QueryWithResultset = 5 ms.
Query Executed : SELECT 1
Time taken ExecuteQuery = 7 ms.
Time taken QueryWithResultset = 7 ms.
Time taken CloseConnection = 0 ms.

Time taken GetConnection = 77 ms.
Query Executed : SELECT 1
Time taken ExecuteQuery = 4 ms.
Time taken QueryWithResultset = 4 ms.
Query Executed : SELECT 1
Time taken ExecuteQuery = 4 ms.
Time taken QueryWithResultset = 5 ms.
Query Executed : SELECT 1
Time taken ExecuteQuery = 5 ms.
Time taken QueryWithResultset = 5 ms.
Query Executed : SELECT 1
Time taken ExecuteQuery = 5 ms.
Time taken QueryWithResultset = 5 ms.
Query Executed : SELECT 1
Time taken ExecuteQuery = 5 ms.
Time taken QueryWithResultset = 5 ms.
Query Executed : SELECT 1
Time taken ExecuteQuery = 5 ms.
Time taken QueryWithResultset = 5 ms.
Query Executed : SELECT 1
Time taken ExecuteQuery = 4 ms.
Time taken QueryWithResultset = 4 ms.
Query Executed : SELECT 1
Time taken ExecuteQuery = 4 ms.
Time taken QueryWithResultset = 4 ms.
Query Executed : SELECT 1
Time taken ExecuteQuery = 5 ms.
Time taken QueryWithResultset = 6 ms.
Query Executed : SELECT 1
Time taken ExecuteQuery = 5 ms.
Time taken QueryWithResultset = 5 ms.
Time taken CloseConnection = 0 ms.

Time taken GetConnection = 83 ms.
Query Executed : SELECT 1
Time taken ExecuteQuery = 3 ms.
Time taken QueryWithResultset = 3 ms.
Query Executed : SELECT 1
Time taken ExecuteQuery = 5 ms.
Time taken QueryWithResultset = 5 ms.
Query Executed : SELECT 1
Time taken ExecuteQuery = 6 ms.
Time taken QueryWithResultset = 6 ms.
Query Executed : SELECT 1
Time taken ExecuteQuery = 3 ms.
Time taken QueryWithResultset = 3 ms.
Query Executed : SELECT 1
Time taken ExecuteQuery = 4 ms.
Time taken QueryWithResultset = 4 ms.
Query Executed : SELECT 1
Time taken ExecuteQuery = 4 ms.
Time taken QueryWithResultset = 4 ms.
Query Executed : SELECT 1
Time taken ExecuteQuery = 4 ms.
Time taken QueryWithResultset = 4 ms.
Query Executed : SELECT 1
Time taken ExecuteQuery = 4 ms.
Time taken QueryWithResultset = 4 ms.
Query Executed : SELECT 1
Time taken ExecuteQuery = 9 ms.
Time taken QueryWithResultset = 9 ms.
Query Executed : SELECT 1
Time taken ExecuteQuery = 4 ms.
Time taken QueryWithResultset = 4 ms.
Time taken CloseConnection = 1 ms.

Time taken GetConnection = 63 ms.
Query Executed : SELECT 1
Time taken ExecuteQuery = 4 ms.
Time taken QueryWithResultset = 4 ms.
Query Executed : SELECT 1
Time taken ExecuteQuery = 9 ms.
Time taken QueryWithResultset = 9 ms.
Query Executed : SELECT 1
Time taken ExecuteQuery = 4 ms.
Time taken QueryWithResultset = 4 ms.
Query Executed : SELECT 1
Time taken ExecuteQuery = 5 ms.
Time taken QueryWithResultset = 5 ms.
Query Executed : SELECT 1
Time taken ExecuteQuery = 5 ms.
Time taken QueryWithResultset = 5 ms.
Query Executed : SELECT 1
Time taken ExecuteQuery = 9 ms.
Time taken QueryWithResultset = 9 ms.
Query Executed : SELECT 1
Time taken ExecuteQuery = 4 ms.
Time taken QueryWithResultset = 4 ms.
Query Executed : SELECT 1
Time taken ExecuteQuery = 7 ms.
Time taken QueryWithResultset = 7 ms.
Query Executed : SELECT 1
Time taken ExecuteQuery = 6 ms.
Time taken QueryWithResultset = 6 ms.
Query Executed : SELECT 1
Time taken ExecuteQuery = 5 ms.
Time taken QueryWithResultset = 5 ms.
Time taken CloseConnection = 1 ms.

Time taken GetConnection = 172 ms.
Query Executed : SELECT 1
Time taken ExecuteQuery = 33 ms.
Time taken QueryWithResultset = 33 ms.
Query Executed : SELECT 1
Time taken ExecuteQuery = 23 ms.
Time taken QueryWithResultset = 23 ms.
Query Executed : SELECT 1
Time taken ExecuteQuery = 78 ms.
Time taken QueryWithResultset = 78 ms.
Query Executed : SELECT 1
Time taken ExecuteQuery = 4 ms.
Time taken QueryWithResultset = 4 ms.
Query Executed : SELECT 1
Time taken ExecuteQuery = 6 ms.
Time taken QueryWithResultset = 6 ms.
Query Executed : SELECT 1
Time taken ExecuteQuery = 7 ms.
Time taken QueryWithResultset = 7 ms.
Query Executed : SELECT 1
Time taken ExecuteQuery = 9 ms.
Time taken QueryWithResultset = 9 ms.
Query Executed : SELECT 1
Time taken ExecuteQuery = 6 ms.
Time taken QueryWithResultset = 6 ms.
Query Executed : SELECT 1
Time taken ExecuteQuery = 16 ms.
Time taken QueryWithResultset = 16 ms.
Query Executed : SELECT 1
Time taken ExecuteQuery = 6 ms.
Time taken QueryWithResultset = 6 ms.
Time taken CloseConnection = 0 ms.

Time taken GetConnection = 55 ms.
Query Executed : SELECT 1
Time taken ExecuteQuery = 7 ms.
Time taken QueryWithResultset = 7 ms.
Query Executed : SELECT 1
Time taken ExecuteQuery = 6 ms.
Time taken QueryWithResultset = 6 ms.
Query Executed : SELECT 1
Time taken ExecuteQuery = 5 ms.
Time taken QueryWithResultset = 5 ms.
Query Executed : SELECT 1
Time taken ExecuteQuery = 4 ms.
Time taken QueryWithResultset = 4 ms.
Query Executed : SELECT 1
Time taken ExecuteQuery = 4 ms.
Time taken QueryWithResultset = 4 ms.
Query Executed : SELECT 1
Time taken ExecuteQuery = 4 ms.
Time taken QueryWithResultset = 4 ms.
Query Executed : SELECT 1
Time taken ExecuteQuery = 3 ms.
Time taken QueryWithResultset = 3 ms.
Query Executed : SELECT 1
Time taken ExecuteQuery = 4 ms.
Time taken QueryWithResultset = 4 ms.
Query Executed : SELECT 1
Time taken ExecuteQuery = 4 ms.
Time taken QueryWithResultset = 4 ms.
Query Executed : SELECT 1
Time taken ExecuteQuery = 6 ms.
Time taken QueryWithResultset = 6 ms.


-----------------------------------------------------------------------------------------------------------------
                       AverageGetConnectionTime = 99.74 ms.
-----------------------------------------------------------------------------------------------------------------

-----------------------------------------------------------------------------------------------------------------
                       AverageQueryTimeExecution = 6.536 ms.
-----------------------------------------------------------------------------------------------------------------

-----------------------------------------------------------------------------------------------------------------
                       AverageQueryTimeWithResultSet = 6.624 ms.
-----------------------------------------------------------------------------------------------------------------

-----------------------------------------------------------------------------------------------------------------
                       AverageCloseConnectionTime = 0.42 ms.
-----------------------------------------------------------------------------------------------------------------
End Time: Fri Aug 28 16:42:45 EDT 2020
